<?xml version="1.0" encoding="UTF-8"?>
<testsuite name="Academy Choucair" tests="1" skipped="0" failures="0" errors="0" timestamp="2020-11-17T14:29:16" hostname="DESKTOP-LEEFGVA" time="79.22">
  <properties/>
  <testcase name="Search for an automation course" classname="Academy Choucair" time="79.22"/>
  <system-out><![CDATA[]]></system-out>
  <system-err><![CDATA[[Test worker] WARN net.thucydides.core.steps.BaseStepListener - stepStarted: net.thucydides.core.steps.ExecutedStepDescription@29d2a2b0
[Test worker] WARN net.thucydides.core.steps.BaseStepListener - stepStarted: net.thucydides.core.steps.ExecutedStepDescription@453bebd0
[Test worker] WARN net.thucydides.core.steps.BaseStepListener - stepStarted: net.thucydides.core.steps.ExecutedStepDescription@13c7f403
nov. 17, 2020 9:29:19 A. M. org.openqa.selenium.remote.DesiredCapabilities chrome
INFORMACIÓN: Using `new ChromeOptions()` is preferred to `DesiredCapabilities.chrome()`
[Test worker] INFO net.serenitybdd.core.webdriver.driverproviders.ProvideNewDriver - Instantiating driver
[Test worker] INFO net.serenitybdd.core.webdriver.driverproviders.ProvideNewDriver - Driver capabilities: Capabilities {acceptInsecureCerts: false, browserName: chrome, chrome.switches: --start-maximized, goog:chromeOptions: {args: [--start-maximized], extensions: []}, loggingPrefs: org.openqa.selenium.logging..., platform: ANY, version: }
Starting ChromeDriver 86.0.4240.22 (398b0743353ff36fb1b82468f63a3a93b4e2e89e-refs/branch-heads/4240@{#378}) on port 22984
Only local connections are allowed.
Please see https://chromedriver.chromium.org/security-considerations for suggestions on keeping ChromeDriver safe.
ChromeDriver was started successfully.
nov. 17, 2020 9:29:33 A. M. org.openqa.selenium.remote.ProtocolHandshake createSession
INFORMACIÓN: Detected dialect: W3C
[Test worker] WARN net.thucydides.core.steps.BaseStepListener - stepFinished: current outcome:Search for an automation course:Example: {strUser=1017267930, strPassword=Choucair2020*, strCourse=Prueba Técnica - Analista Bancolombia} [Given than brandon wants to learn automation at the academy Choucair
| strUser | strPassword |
| 1017267930 | Choucair2020* | [Brandon open up [Brandon opens the Choucair academy page]]]
[Test worker] WARN net.thucydides.core.steps.BaseStepListener - stepFinished: current outcome:Search for an automation course:Example: {strUser=1017267930, strPassword=Choucair2020*, strCourse=Prueba Técnica - Analista Bancolombia} [Given than brandon wants to learn automation at the academy Choucair
| strUser | strPassword |
| 1017267930 | Choucair2020* | [Brandon open up [Brandon opens the Choucair academy page]]]
[Test worker] WARN net.thucydides.core.steps.BaseStepListener - stepStarted: net.thucydides.core.steps.ExecutedStepDescription@46c86a90
[Test worker] WARN net.thucydides.core.steps.BaseStepListener - stepStarted: net.thucydides.core.steps.ExecutedStepDescription@79075623
[Test worker] WARN net.thucydides.core.steps.BaseStepListener - stepFinished: current outcome:Search for an automation course:Example: {strUser=1017267930, strPassword=Choucair2020*, strCourse=Prueba Técnica - Analista Bancolombia} [Given than brandon wants to learn automation at the academy Choucair
| strUser | strPassword |
| 1017267930 | Choucair2020* | [Brandon open up [Brandon opens the Choucair academy page], Brandon login [Brandon clicks on button that shows us the form to login]]]
[1605623404.156][SEVERE]: Timed out receiving message from renderer: 10.000
[1605623404.157][WARNING]: screenshot failed, retrying timeout: Timed out receiving message from renderer: 10.000
[Test worker] WARN net.thucydides.core.steps.BaseStepListener - stepStarted: net.thucydides.core.steps.ExecutedStepDescription@ee31c37
[Test worker] WARN net.thucydides.core.steps.BaseStepListener - stepFinished: current outcome:Search for an automation course:Example: {strUser=1017267930, strPassword=Choucair2020*, strCourse=Prueba Técnica - Analista Bancolombia} [Given than brandon wants to learn automation at the academy Choucair
| strUser | strPassword |
| 1017267930 | Choucair2020* | [Brandon open up [Brandon opens the Choucair academy page], Brandon login [Brandon clicks on button that shows us the form to login, Brandon enters '1017267930' into input to type in the username]]]
[Test worker] WARN net.thucydides.core.steps.BaseStepListener - stepStarted: net.thucydides.core.steps.ExecutedStepDescription@7c54988f
[Test worker] WARN net.thucydides.core.steps.BaseStepListener - stepFinished: current outcome:Search for an automation course:Example: {strUser=1017267930, strPassword=Choucair2020*, strCourse=Prueba Técnica - Analista Bancolombia} [Given than brandon wants to learn automation at the academy Choucair
| strUser | strPassword |
| 1017267930 | Choucair2020* | [Brandon open up [Brandon opens the Choucair academy page], Brandon login [Brandon clicks on button that shows us the form to login, Brandon enters '1017267930' into input to type in the username, Brandon enters 'Choucair2020*' into input to type in the password]]]
[Test worker] WARN net.thucydides.core.steps.BaseStepListener - stepStarted: net.thucydides.core.steps.ExecutedStepDescription@4c13c803
[Test worker] WARN net.thucydides.core.steps.BaseStepListener - stepFinished: current outcome:Search for an automation course:Example: {strUser=1017267930, strPassword=Choucair2020*, strCourse=Prueba Técnica - Analista Bancolombia} [Given than brandon wants to learn automation at the academy Choucair
| strUser | strPassword |
| 1017267930 | Choucair2020* | [Brandon open up [Brandon opens the Choucair academy page], Brandon login [Brandon clicks on button that shows us the form to login, Brandon enters '1017267930' into input to type in the username, Brandon enters 'Choucair2020*' into input to type in the password, Brandon clicks on button to log in to the platform]]]
[Test worker] WARN net.thucydides.core.steps.BaseStepListener - stepFinished: current outcome:Search for an automation course:Example: {strUser=1017267930, strPassword=Choucair2020*, strCourse=Prueba Técnica - Analista Bancolombia} [Given than brandon wants to learn automation at the academy Choucair
| strUser | strPassword |
| 1017267930 | Choucair2020* | [Brandon open up [Brandon opens the Choucair academy page], Brandon login [Brandon clicks on button that shows us the form to login, Brandon enters '1017267930' into input to type in the username, Brandon enters 'Choucair2020*' into input to type in the password, Brandon clicks on button to log in to the platform]]]
[Test worker] WARN net.thucydides.core.steps.BaseStepListener - stepFinished: current outcome:Search for an automation course:Example: {strUser=1017267930, strPassword=Choucair2020*, strCourse=Prueba Técnica - Analista Bancolombia} [Given than brandon wants to learn automation at the academy Choucair
| strUser | strPassword |
| 1017267930 | Choucair2020* | [Brandon open up [Brandon opens the Choucair academy page], Brandon login [Brandon clicks on button that shows us the form to login, Brandon enters '1017267930' into input to type in the username, Brandon enters 'Choucair2020*' into input to type in the password, Brandon clicks on button to log in to the platform]]]
[Test worker] WARN net.thucydides.core.steps.BaseStepListener - stepStarted: net.thucydides.core.steps.ExecutedStepDescription@401b5fd7
[Test worker] WARN net.thucydides.core.steps.BaseStepListener - stepStarted: net.thucydides.core.steps.ExecutedStepDescription@1434b229
[Test worker] WARN net.thucydides.core.steps.BaseStepListener - stepStarted: net.thucydides.core.steps.ExecutedStepDescription@720f32eb
[Test worker] WARN net.thucydides.core.steps.BaseStepListener - stepFinished: current outcome:Search for an automation course:Example: {strUser=1017267930, strPassword=Choucair2020*, strCourse=Prueba Técnica - Analista Bancolombia} [Given than brandon wants to learn automation at the academy Choucair
| strUser | strPassword |
| 1017267930 | Choucair2020* | [Brandon open up [Brandon opens the Choucair academy page], Brandon login [Brandon clicks on button that shows us the form to login, Brandon enters '1017267930' into input to type in the username, Brandon enters 'Choucair2020*' into input to type in the password, Brandon clicks on button to log in to the platform]], When he searches for the course on the choucair academy platform
| strCourse |
| Prueba Técnica - Analista Bancolombia | [Brandon search [Brandon clicks on text that redirects us to the courses list page]]]
[Test worker] WARN net.thucydides.core.steps.BaseStepListener - stepStarted: net.thucydides.core.steps.ExecutedStepDescription@63ee0116
[Test worker] WARN net.thucydides.core.steps.BaseStepListener - stepFinished: current outcome:Search for an automation course:Example: {strUser=1017267930, strPassword=Choucair2020*, strCourse=Prueba Técnica - Analista Bancolombia} [Given than brandon wants to learn automation at the academy Choucair
| strUser | strPassword |
| 1017267930 | Choucair2020* | [Brandon open up [Brandon opens the Choucair academy page], Brandon login [Brandon clicks on button that shows us the form to login, Brandon enters '1017267930' into input to type in the username, Brandon enters 'Choucair2020*' into input to type in the password, Brandon clicks on button to log in to the platform]], When he searches for the course on the choucair academy platform
| strCourse |
| Prueba Técnica - Analista Bancolombia | [Brandon search [Brandon clicks on text that redirects us to the courses list page, Brandon enters 'Prueba Técnica - Analista Bancolombia' into input to type in the course name]]]
[Test worker] WARN net.thucydides.core.steps.BaseStepListener - stepStarted: net.thucydides.core.steps.ExecutedStepDescription@5b3dab07
[Test worker] WARN net.thucydides.core.steps.BaseStepListener - stepFinished: current outcome:Search for an automation course:Example: {strUser=1017267930, strPassword=Choucair2020*, strCourse=Prueba Técnica - Analista Bancolombia} [Given than brandon wants to learn automation at the academy Choucair
| strUser | strPassword |
| 1017267930 | Choucair2020* | [Brandon open up [Brandon opens the Choucair academy page], Brandon login [Brandon clicks on button that shows us the form to login, Brandon enters '1017267930' into input to type in the username, Brandon enters 'Choucair2020*' into input to type in the password, Brandon clicks on button to log in to the platform]], When he searches for the course on the choucair academy platform
| strCourse |
| Prueba Técnica - Analista Bancolombia | [Brandon search [Brandon clicks on text that redirects us to the courses list page, Brandon enters 'Prueba Técnica - Analista Bancolombia' into input to type in the course name, Brandon clicks on button to search the course]]]
[Test worker] WARN net.thucydides.core.steps.BaseStepListener - stepStarted: net.thucydides.core.steps.ExecutedStepDescription@3a970d9e
[Test worker] WARN net.thucydides.core.steps.BaseStepListener - stepFinished: current outcome:Search for an automation course:Example: {strUser=1017267930, strPassword=Choucair2020*, strCourse=Prueba Técnica - Analista Bancolombia} [Given than brandon wants to learn automation at the academy Choucair
| strUser | strPassword |
| 1017267930 | Choucair2020* | [Brandon open up [Brandon opens the Choucair academy page], Brandon login [Brandon clicks on button that shows us the form to login, Brandon enters '1017267930' into input to type in the username, Brandon enters 'Choucair2020*' into input to type in the password, Brandon clicks on button to log in to the platform]], When he searches for the course on the choucair academy platform
| strCourse |
| Prueba Técnica - Analista Bancolombia | [Brandon search [Brandon clicks on text that redirects us to the courses list page, Brandon enters 'Prueba Técnica - Analista Bancolombia' into input to type in the course name, Brandon clicks on button to search the course, Brandon clicks on result of the course]]]
[Test worker] WARN net.thucydides.core.steps.BaseStepListener - stepFinished: current outcome:Search for an automation course:Example: {strUser=1017267930, strPassword=Choucair2020*, strCourse=Prueba Técnica - Analista Bancolombia} [Given than brandon wants to learn automation at the academy Choucair
| strUser | strPassword |
| 1017267930 | Choucair2020* | [Brandon open up [Brandon opens the Choucair academy page], Brandon login [Brandon clicks on button that shows us the form to login, Brandon enters '1017267930' into input to type in the username, Brandon enters 'Choucair2020*' into input to type in the password, Brandon clicks on button to log in to the platform]], When he searches for the course on the choucair academy platform
| strCourse |
| Prueba Técnica - Analista Bancolombia | [Brandon search [Brandon clicks on text that redirects us to the courses list page, Brandon enters 'Prueba Técnica - Analista Bancolombia' into input to type in the course name, Brandon clicks on button to search the course, Brandon clicks on result of the course]]]
[Test worker] WARN net.thucydides.core.steps.BaseStepListener - stepFinished: current outcome:Search for an automation course:Example: {strUser=1017267930, strPassword=Choucair2020*, strCourse=Prueba Técnica - Analista Bancolombia} [Given than brandon wants to learn automation at the academy Choucair
| strUser | strPassword |
| 1017267930 | Choucair2020* | [Brandon open up [Brandon opens the Choucair academy page], Brandon login [Brandon clicks on button that shows us the form to login, Brandon enters '1017267930' into input to type in the username, Brandon enters 'Choucair2020*' into input to type in the password, Brandon clicks on button to log in to the platform]], When he searches for the course on the choucair academy platform
| strCourse |
| Prueba Técnica - Analista Bancolombia | [Brandon search [Brandon clicks on text that redirects us to the courses list page, Brandon enters 'Prueba Técnica - Analista Bancolombia' into input to type in the course name, Brandon clicks on button to search the course, Brandon clicks on result of the course]]]
[Test worker] WARN net.thucydides.core.steps.BaseStepListener - stepStarted: net.thucydides.core.steps.ExecutedStepDescription@93a0917
[Test worker] WARN net.thucydides.core.steps.BaseStepListener - stepStarted: net.thucydides.core.steps.ExecutedStepDescription@417ca058
[Test worker] WARN net.thucydides.core.steps.BaseStepListener - stepFinished: current outcome:Search for an automation course:Example: {strUser=1017267930, strPassword=Choucair2020*, strCourse=Prueba Técnica - Analista Bancolombia} [Given than brandon wants to learn automation at the academy Choucair
| strUser | strPassword |
| 1017267930 | Choucair2020* | [Brandon open up [Brandon opens the Choucair academy page], Brandon login [Brandon clicks on button that shows us the form to login, Brandon enters '1017267930' into input to type in the username, Brandon enters 'Choucair2020*' into input to type in the password, Brandon clicks on button to log in to the platform]], When he searches for the course on the choucair academy platform
| strCourse |
| Prueba Técnica - Analista Bancolombia | [Brandon search [Brandon clicks on text that redirects us to the courses list page, Brandon enters 'Prueba Técnica - Analista Bancolombia' into input to type in the course name, Brandon clicks on button to search the course, Brandon clicks on result of the course]], Then he finds the course
| strCourse |
| Prueba Técnica - Analista Bancolombia | [Then answer]]
[Test worker] WARN net.thucydides.core.steps.BaseStepListener - stepFinished: current outcome:Search for an automation course:Example: {strUser=1017267930, strPassword=Choucair2020*, strCourse=Prueba Técnica - Analista Bancolombia} [Given than brandon wants to learn automation at the academy Choucair
| strUser | strPassword |
| 1017267930 | Choucair2020* | [Brandon open up [Brandon opens the Choucair academy page], Brandon login [Brandon clicks on button that shows us the form to login, Brandon enters '1017267930' into input to type in the username, Brandon enters 'Choucair2020*' into input to type in the password, Brandon clicks on button to log in to the platform]], When he searches for the course on the choucair academy platform
| strCourse |
| Prueba Técnica - Analista Bancolombia | [Brandon search [Brandon clicks on text that redirects us to the courses list page, Brandon enters 'Prueba Técnica - Analista Bancolombia' into input to type in the course name, Brandon clicks on button to search the course, Brandon clicks on result of the course]], Then he finds the course
| strCourse |
| Prueba Técnica - Analista Bancolombia | [Then answer]]
[Test worker] WARN net.thucydides.core.steps.BaseStepListener - stepFinished: current outcome:Search for an automation course:Example: {strUser=1017267930, strPassword=Choucair2020*, strCourse=Prueba Técnica - Analista Bancolombia} [Given than brandon wants to learn automation at the academy Choucair
| strUser | strPassword |
| 1017267930 | Choucair2020* | [Brandon open up [Brandon opens the Choucair academy page], Brandon login [Brandon clicks on button that shows us the form to login, Brandon enters '1017267930' into input to type in the username, Brandon enters 'Choucair2020*' into input to type in the password, Brandon clicks on button to log in to the platform]], When he searches for the course on the choucair academy platform
| strCourse |
| Prueba Técnica - Analista Bancolombia | [Brandon search [Brandon clicks on text that redirects us to the courses list page, Brandon enters 'Prueba Técnica - Analista Bancolombia' into input to type in the course name, Brandon clicks on button to search the course, Brandon clicks on result of the course]], Then he finds the course
| strCourse |
| Prueba Técnica - Analista Bancolombia | [Then answer]]
[Test worker] WARN net.thucydides.core.steps.BaseStepListener - testFinished: Search for an automation course:Example: {strUser=1017267930, strPassword=Choucair2020*, strCourse=Prueba Técnica - Analista Bancolombia} [Given than brandon wants to learn automation at the academy Choucair
| strUser | strPassword |
| 1017267930 | Choucair2020* | [Brandon open up [Brandon opens the Choucair academy page], Brandon login [Brandon clicks on button that shows us the form to login, Brandon enters '1017267930' into input to type in the username, Brandon enters 'Choucair2020*' into input to type in the password, Brandon clicks on button to log in to the platform]], When he searches for the course on the choucair academy platform
| strCourse |
| Prueba Técnica - Analista Bancolombia | [Brandon search [Brandon clicks on text that redirects us to the courses list page, Brandon enters 'Prueba Técnica - Analista Bancolombia' into input to type in the course name, Brandon clicks on button to search the course, Brandon clicks on result of the course]], Then he finds the course
| strCourse |
| Prueba Técnica - Analista Bancolombia | [Then answer]]
[Test worker] WARN net.thucydides.core.steps.BaseStepListener - TestOutcomes: [Search for an automation course:Example: {strUser=1017267930, strPassword=Choucair2020*, strCourse=Prueba Técnica - Analista Bancolombia} [Given than brandon wants to learn automation at the academy Choucair
| strUser | strPassword |
| 1017267930 | Choucair2020* | [Brandon open up [Brandon opens the Choucair academy page], Brandon login [Brandon clicks on button that shows us the form to login, Brandon enters '1017267930' into input to type in the username, Brandon enters 'Choucair2020*' into input to type in the password, Brandon clicks on button to log in to the platform]], When he searches for the course on the choucair academy platform
| strCourse |
| Prueba Técnica - Analista Bancolombia | [Brandon search [Brandon clicks on text that redirects us to the courses list page, Brandon enters 'Prueba Técnica - Analista Bancolombia' into input to type in the course name, Brandon clicks on button to search the course, Brandon clicks on result of the course]], Then he finds the course
| strCourse |
| Prueba Técnica - Analista Bancolombia | [Then answer]]]
[Test worker] WARN net.thucydides.core.steps.BaseStepListener - Final testOutcomes: [Search for an automation course:Example: {strUser=1017267930, strPassword=Choucair2020*, strCourse=Prueba Técnica - Analista Bancolombia} [Given than brandon wants to learn automation at the academy Choucair
| strUser | strPassword |
| 1017267930 | Choucair2020* | [Brandon open up [Brandon opens the Choucair academy page], Brandon login [Brandon clicks on button that shows us the form to login, Brandon enters '1017267930' into input to type in the username, Brandon enters 'Choucair2020*' into input to type in the password, Brandon clicks on button to log in to the platform]], When he searches for the course on the choucair academy platform
| strCourse |
| Prueba Técnica - Analista Bancolombia | [Brandon search [Brandon clicks on text that redirects us to the courses list page, Brandon enters 'Prueba Técnica - Analista Bancolombia' into input to type in the course name, Brandon clicks on button to search the course, Brandon clicks on result of the course]], Then he finds the course
| strCourse |
| Prueba Técnica - Analista Bancolombia | [Then answer]]]
[Test worker] INFO net.thucydides.core.steps.ConsoleLoggingListener - 
        __    _____ _____ ____ _____   ____   _    ____  ____  _____ ____  
  _     \ \  |_   _| ____/ ___|_   _| |  _ \ / \  / ___|/ ___|| ____|  _ \ 
 (_)_____| |   | | |  _| \___ \ | |   | |_) / _ \ \___ \\___ \|  _| | | | |
  _|_____| |   | | | |___ ___) || |   |  __/ ___ \ ___) |___) | |___| |_| |
 (_)     | |   |_| |_____|____/ |_|   |_| /_/   \_\____/|____/|_____|____/ 
        /_/                                                                

TEST PASSED: Search for an automation course
----------------------------------------------------------------------------
]]></system-err>
</testsuite>
